2016-03-07 15:47:51 DEBUG AdapterCore:41 - Resolving given parameters
2016-03-07 15:47:51 WARN  AdapterCore:115 - Adapter closing with code: {1700}. See documentation for more info.
2016-03-07 15:48:02 INFO  Configuration:58 - Configuration AdapterPropConfig.xml was read
2016-03-07 15:48:09 INFO  Configuration:58 - Configuration AdapterPropConfig.xml was read
2016-03-07 15:48:09 INFO  JmsCommunication:37 - Initializing JMS communication ...
2016-03-07 15:48:09 INFO  JmsFactory:51 - initialization of JMS...
2016-03-07 15:48:11 INFO  JmsFactory:156 - starting JMS connection...
2016-03-07 15:48:12 INFO  JmsRecorder:98 - JMS Recorder for QUEUE: TMSK.DEV.CRM.CMN.WPROBE.ADAPTER.SUBSCRIBER started...
2016-03-07 15:48:12 INFO  JmsCommunication:42 - JMS Listening on subject: TMSK.DEV.CRM.CMN.WPROBE.ADAPTER.SUBSCRIBER
2016-03-07 15:48:12 INFO  JmsCommunication:94 - JMS listener stopped
2016-03-07 15:48:20 INFO  Configuration:58 - Configuration AdapterPropConfig.xml was read
2016-03-07 15:48:20 INFO  RvCommunication:33 - Initializing RV connection...
2016-03-07 15:48:23 ERROR RvCommunication:46 - RV failed to initialize
TibrvException[error=21,message=Not connected to daemon]
	at com.tibco.tibrv.TibrvImplTPortC.natCreate(Native Method)
	at com.tibco.tibrv.TibrvImplTPortC.create(TibrvImplTPortC.java:40)
	at com.tibco.tibrv.TibrvRvdTransport.init(TibrvRvdTransport.java:77)
	at com.tibco.tibrv.TibrvRvdTransport.<init>(TibrvRvdTransport.java:42)
	at telecom.core.wrapers.rv.RvCommunication.init(RvCommunication.java:36)
	at framework.RvCommunicationTest.jmsTest(RvCommunicationTest.java:25)
	at sun.reflect.NativeMethodAccessorImpl.invoke0(Native Method)
	at sun.reflect.NativeMethodAccessorImpl.invoke(NativeMethodAccessorImpl.java:57)
	at sun.reflect.DelegatingMethodAccessorImpl.invoke(DelegatingMethodAccessorImpl.java:43)
	at java.lang.reflect.Method.invoke(Method.java:606)
	at org.junit.runners.model.FrameworkMethod$1.runReflectiveCall(FrameworkMethod.java:47)
	at org.junit.internal.runners.model.ReflectiveCallable.run(ReflectiveCallable.java:12)
	at org.junit.runners.model.FrameworkMethod.invokeExplosively(FrameworkMethod.java:44)
	at org.junit.internal.runners.statements.InvokeMethod.evaluate(InvokeMethod.java:17)
	at org.junit.internal.runners.statements.RunBefores.evaluate(RunBefores.java:26)
	at org.junit.runners.ParentRunner.runLeaf(ParentRunner.java:271)
	at org.junit.runners.BlockJUnit4ClassRunner.runChild(BlockJUnit4ClassRunner.java:70)
	at org.junit.runners.BlockJUnit4ClassRunner.runChild(BlockJUnit4ClassRunner.java:50)
	at org.junit.runners.ParentRunner$3.run(ParentRunner.java:238)
	at org.junit.runners.ParentRunner$1.schedule(ParentRunner.java:63)
	at org.junit.runners.ParentRunner.runChildren(ParentRunner.java:236)
	at org.junit.runners.ParentRunner.access$000(ParentRunner.java:53)
	at org.junit.runners.ParentRunner$2.evaluate(ParentRunner.java:229)
	at org.junit.runners.ParentRunner.run(ParentRunner.java:309)
	at org.junit.runner.JUnitCore.run(JUnitCore.java:160)
	at com.intellij.junit4.JUnit4IdeaTestRunner.startRunnerWithArgs(JUnit4IdeaTestRunner.java:78)
	at com.intellij.rt.execution.junit.JUnitStarter.prepareStreamsAndStart(JUnitStarter.java:212)
	at com.intellij.rt.execution.junit.JUnitStarter.main(JUnitStarter.java:68)
	at sun.reflect.NativeMethodAccessorImpl.invoke0(Native Method)
	at sun.reflect.NativeMethodAccessorImpl.invoke(NativeMethodAccessorImpl.java:57)
	at sun.reflect.DelegatingMethodAccessorImpl.invoke(DelegatingMethodAccessorImpl.java:43)
	at java.lang.reflect.Method.invoke(Method.java:606)
	at com.intellij.rt.execution.application.AppMain.main(AppMain.java:140)
2016-03-07 15:48:23 WARN  AdapterCore:115 - Adapter closing with code: {1703}. See documentation for more info.
2016-03-07 15:48:42 INFO  Configuration:58 - Configuration AdapterPropConfig.xml was read
2016-03-07 15:48:42 INFO  RvCommunication:33 - Initializing RV connection...
2016-03-07 15:48:43 INFO  RvCommunication:44 - RV Listening on subject: TMSK.DEV.CRM.CMN.WPROBE.ADAPTER.SUBSCRIBER
2016-03-07 15:48:43 INFO  RvCommunication:89 - RV listener stopped
